15:07:36 **** Incremental Build of configuration Debug for project 003Task ****
make -j8 all 
arm-none-eabi-gcc "../Core/Src/syscalls.c" -mcpu=cortex-m0plus -std=gnu11 -g3 -DDEBUG -DUSE_HAL_DRIVER -DSTM32G071xx '-DCMSIS_device_header=<stm32g0xx.h>' -c -I../Core/Inc -I../Drivers/STM32G0xx_HAL_Driver/Inc -I../Drivers/STM32G0xx_HAL_Driver/Inc/Legacy -I../Drivers/CMSIS/Device/ST/STM32G0xx/Include -I../Drivers/CMSIS/Include -I../Middlewares/Third_Party/FreeRTOS/Source/include -I../Middlewares/Third_Party/FreeRTOS/Source/CMSIS_RTOS_V2 -I../Middlewares/Third_Party/FreeRTOS/Source/portable/GCC/ARM_CM0 -O0 -ffunction-sections -fdata-sections -Wall -fstack-usage -MMD -MP -MF"Core/Src/syscalls.d" -MT"Core/Src/syscalls.o" --specs=nano.specs -mfloat-abi=soft -mthumb -o "Core/Src/syscalls.o"
../Core/Src/syscalls.c: In function '_write':
../Core/Src/syscalls.c:84:3: warning: implicit declaration of function 'ITM_SendChar' [-Wimplicit-function-declaration]
   84 |   ITM_SendChar(*ptr++);
      |   ^~~~~~~~~~~~
arm-none-eabi-gcc -o "003Task.elf" @"objects.list"   -mcpu=cortex-m0plus -T"C:\Users\158276\STM32CubeIDE\workspace\RTOS_workspace\003Task\STM32G071RBTX_FLASH.ld" --specs=nosys.specs -Wl,-Map="003Task.map" -Wl,--gc-sections -static --specs=nano.specs -mfloat-abi=soft -mthumb -Wl,--start-group -lc -lm -Wl,--end-group
c:\st\stm32cubeide_1.7.0\stm32cubeide\plugins\com.st.stm32cube.ide.mcu.externaltools.gnu-tools-for-stm32.9-2020-q2-update.win32_2.0.0.202105311346\tools\arm-none-eabi\bin\ld.exe: ./Core/Src/sysmem.o: in function `_sbrk':
C:/Users/158276/STM32CubeIDE/workspace/RTOS_workspace/003Task/Debug/../Core/Src/sysmem.c:55: multiple definition of `_sbrk'; ./Core/Src/syscalls.o:C:/Users/158276/STM32CubeIDE/workspace/RTOS_workspace/003Task/Debug/../Core/Src/syscalls.c:92: first defined here
collect2.exe: error: ld returned 1 exit status
make: *** [makefile:69: 003Task.elf] Error 1
"make -j8 all" terminated with exit code 2. Build might be incomplete.

15:07:38 Build Failed. 3 errors, 1 warnings. (took 1s.748ms)

